2025-11-09 22:10:45,886 - INFO - Tesseract encontrado em: C:\Program Files\Tesseract-OCR\tesseract.exe
2025-11-09 22:10:49,951 - INFO - Inicializando EasyOCR (idiomas: ['pt', 'en'], GPU: True)...
2025-11-09 22:10:52,215 - INFO - EasyOCR inicializado com sucesso!
2025-11-09 22:10:52,635 - INFO - OpenOCR inicializado com sucesso!
2025-11-09 22:10:52,636 - INFO -    Device: gpu
2025-11-09 22:10:52,636 - INFO -    Config: svtrv2_ch.yml
2025-11-09 22:10:52,636 - INFO - ================================================================================
2025-11-09 22:10:52,636 - INFO - Sistema de Detecção e Reconhecimento de Letreiros de Ônibus
2025-11-09 22:10:52,637 - INFO - ================================================================================
2025-11-09 22:10:52,640 - INFO - Diretório base: E:\tcc
2025-11-09 22:10:52,640 - INFO - Log salvo em: E:\tcc\logs\execucao_20251109_221045.log
2025-11-09 22:10:52,640 - INFO - 
================================================================================
2025-11-09 22:10:52,640 - INFO - PREPARAÇÃO DO DATASET
2025-11-09 22:10:52,641 - INFO - ================================================================================
2025-11-09 22:10:52,641 - INFO - ================================================================================
2025-11-09 22:10:52,641 - INFO - INFORMAÇÕES DO DATASET
2025-11-09 22:10:52,641 - INFO - ================================================================================
2025-11-09 22:10:52,642 - INFO - Dataset encontrado e estruturado corretamente
2025-11-09 22:10:52,644 - INFO -    Treino: 898 imagens
2025-11-09 22:10:52,644 - INFO -    Validação: 224 imagens
2025-11-09 22:10:52,645 - INFO -    Teste: 280 imagens
2025-11-09 22:10:52,645 - INFO -    Classes: 271
2025-11-09 22:10:52,645 - INFO - Arquivo data.yaml já existe: E:\tcc\dataset_yolo\data.yaml
2025-11-09 22:10:52,798 - INFO - 
================================================================================
2025-11-09 22:10:52,798 - INFO - MODELO YOLO
2025-11-09 22:10:52,799 - INFO - ================================================================================
2025-11-09 22:10:52,799 - INFO - Modelo treinado encontrado!
2025-11-09 22:10:52,799 - INFO - Carregando de: E:\tcc\onibus_tcc_treino_letreiros\letreiros_seg\weights\best.pt
2025-11-09 22:10:52,800 - INFO - Pulando etapa de treinamento (economizando tempo!)
2025-11-09 22:10:52,845 - INFO - 
================================================================================
2025-11-09 22:10:52,846 - INFO - VALIDAÇÃO DO MODELO
2025-11-09 22:10:52,846 - INFO - ================================================================================
2025-11-09 22:11:19,261 - INFO - 
Resultados:
2025-11-09 22:11:19,262 - INFO -    mAP50-95: 0.8011
2025-11-09 22:11:19,262 - INFO -    mAP50: 0.9933
2025-11-09 22:11:19,262 - INFO -    mAP75: 0.9530
2025-11-09 22:11:19,262 - INFO -    Precisão: 0.9854
2025-11-09 22:11:19,263 - INFO -    Revocação: 0.9866
2025-11-09 22:11:19,263 - INFO - 
Engines OCR disponíveis: ['tesseract', 'easyocr', 'openocr']
2025-11-09 22:11:19,263 - INFO - 
================================================================================
2025-11-09 22:11:19,263 - INFO - OCR COM TESSERACT
2025-11-09 22:11:19,263 - INFO - ================================================================================
2025-11-09 22:11:19,265 - INFO - Processando 280 imagens de teste...
2025-11-09 22:12:19,028 - INFO - 
================================================================================
2025-11-09 22:12:19,029 - INFO - MÉTRICAS OCR (TESSERACT)
2025-11-09 22:12:19,029 - INFO - ================================================================================
2025-11-09 22:12:19,029 - INFO -    Total de letreiros analisados: 182
2025-11-09 22:12:19,029 - INFO -    Acertos exatos: 0 (0.00%)
2025-11-09 22:12:19,029 - INFO -    Acertos aproximados: 89
2025-11-09 22:12:19,029 - INFO -    Acurácia total: 48.90%
2025-11-09 22:12:19,029 - INFO -    Taxa de sucesso OCR: 63.19%
2025-11-09 22:12:19,030 - WARNING - 
106 letreiros tiveram OCR vazio!
2025-11-09 22:12:19,030 - WARNING -    Verifique amostras em: E:\tcc\dataset_yolo/temp_crops
2025-11-09 22:12:19,030 - INFO - 
Imagens salvas em:
2025-11-09 22:12:19,030 - INFO -    - Acertos: E:\tcc\resultados_ocr\acertos_ocr_tesseract
2025-11-09 22:12:19,030 - INFO -    - Erros OCR: E:\tcc\resultados_ocr\erros_ocr_tesseract
2025-11-09 22:12:19,030 - INFO -    - Erros Classificação: E:\tcc\resultados_ocr\erros_classificacao_tesseract
2025-11-09 22:12:19,030 - INFO - 
================================================================================
2025-11-09 22:12:19,030 - INFO - OCR COM EASYOCR
2025-11-09 22:12:19,031 - INFO - ================================================================================
2025-11-09 22:12:19,032 - INFO - Processando 280 imagens de teste...
2025-11-09 22:12:38,135 - INFO - 
================================================================================
2025-11-09 22:12:38,135 - INFO - MÉTRICAS OCR (EASYOCR)
2025-11-09 22:12:38,135 - INFO - ================================================================================
2025-11-09 22:12:38,135 - INFO -    Total de letreiros analisados: 208
2025-11-09 22:12:38,136 - INFO -    Acertos exatos: 0 (0.00%)
2025-11-09 22:12:38,136 - INFO -    Acertos aproximados: 127
2025-11-09 22:12:38,136 - INFO -    Acurácia total: 61.06%
2025-11-09 22:12:38,136 - INFO -    Taxa de sucesso OCR: 72.22%
2025-11-09 22:12:38,136 - WARNING - 
80 letreiros tiveram OCR vazio!
2025-11-09 22:12:38,136 - WARNING -    Verifique amostras em: E:\tcc\dataset_yolo/temp_crops
2025-11-09 22:12:38,136 - INFO - 
Imagens salvas em:
2025-11-09 22:12:38,137 - INFO -    - Acertos: E:\tcc\resultados_ocr\acertos_ocr_easyocr
2025-11-09 22:12:38,137 - INFO -    - Erros OCR: E:\tcc\resultados_ocr\erros_ocr_easyocr
2025-11-09 22:12:38,137 - INFO -    - Erros Classificação: E:\tcc\resultados_ocr\erros_classificacao_easyocr
2025-11-09 22:12:38,137 - INFO - 
================================================================================
2025-11-09 22:12:38,137 - INFO - OCR COM OPENOCR
2025-11-09 22:12:38,137 - INFO - ================================================================================
2025-11-09 22:12:38,139 - INFO - Processando 280 imagens de teste...
2025-11-09 22:12:59,926 - INFO - 
================================================================================
2025-11-09 22:12:59,926 - INFO - MÉTRICAS OCR (OPENOCR)
2025-11-09 22:12:59,926 - INFO - ================================================================================
2025-11-09 22:12:59,926 - INFO -    Total de letreiros analisados: 285
2025-11-09 22:12:59,927 - INFO -    Acertos exatos: 0 (0.00%)
2025-11-09 22:12:59,927 - INFO -    Acertos aproximados: 240
2025-11-09 22:12:59,927 - INFO -    Acurácia total: 84.21%
2025-11-09 22:12:59,927 - INFO -    Taxa de sucesso OCR: 98.96%
2025-11-09 22:12:59,927 - WARNING - 
3 letreiros tiveram OCR vazio!
2025-11-09 22:12:59,927 - WARNING -    Verifique amostras em: E:\tcc\dataset_yolo/temp_crops
2025-11-09 22:12:59,927 - INFO - 
Imagens salvas em:
2025-11-09 22:12:59,928 - INFO -    - Acertos: E:\tcc\resultados_ocr\acertos_ocr_openocr
2025-11-09 22:12:59,928 - INFO -    - Erros OCR: E:\tcc\resultados_ocr\erros_ocr_openocr
2025-11-09 22:12:59,928 - INFO -    - Erros Classificação: E:\tcc\resultados_ocr\erros_classificacao_openocr
2025-11-09 22:12:59,928 - INFO - 
================================================================================
2025-11-09 22:12:59,928 - INFO - COMPARAÇÃO DE ENGINES OCR
2025-11-09 22:12:59,928 - INFO - ================================================================================
2025-11-09 22:12:59,929 - INFO - 
┌────────────────────────────┬────────────┬────────────┬────────────┐
2025-11-09 22:12:59,929 - INFO - │ Métrica                    │ Tesseract  │ EasyOCR    │ OpenOCR    │
2025-11-09 22:12:59,929 - INFO - ├────────────────────────────┼────────────┼────────────┼────────────┤
2025-11-09 22:12:59,929 - INFO - │ Total analisados           │        182 │        208 │        285 │
2025-11-09 22:12:59,929 - INFO - │ Acertos exatos             │          0 │          0 │          0 │
2025-11-09 22:12:59,929 - INFO - │ Acurácia exata (%)         │      0.00% │      0.00% │      0.00% │
2025-11-09 22:12:59,930 - INFO - │ Acurácia total (%)         │     48.90% │     61.06% │     84.21% │
2025-11-09 22:12:59,930 - INFO - └────────────────────────────┴────────────┴────────────┴────────────┘
2025-11-09 22:12:59,930 - INFO - 
🏆 Melhor desempenho: OPENOCR (84.21%)
2025-11-09 22:12:59,930 - INFO - 
================================================================================
2025-11-09 22:12:59,930 - INFO - PROCESSAMENTO COMPLETO!
2025-11-09 22:12:59,930 - INFO - ================================================================================
2025-11-09 22:12:59,930 - INFO - Resultados salvos em: E:\tcc
2025-11-09 22:12:59,931 - INFO - Log completo: E:\tcc\logs\execucao_20251109_221045.log
