2025-11-09 22:13:40,788 - INFO - Tesseract encontrado em: C:\Program Files\Tesseract-OCR\tesseract.exe
2025-11-09 22:13:44,810 - INFO - Inicializando EasyOCR (idiomas: ['pt', 'en'], GPU: True)...
2025-11-09 22:13:46,870 - INFO - EasyOCR inicializado com sucesso!
2025-11-09 22:13:47,290 - INFO - OpenOCR inicializado com sucesso!
2025-11-09 22:13:47,291 - INFO -    Device: gpu
2025-11-09 22:13:47,291 - INFO -    Config: svtrv2_ch.yml
2025-11-09 22:13:47,291 - INFO - ================================================================================
2025-11-09 22:13:47,291 - INFO - Sistema de Detecção e Reconhecimento de Letreiros de Ônibus
2025-11-09 22:13:47,291 - INFO - ================================================================================
2025-11-09 22:13:47,293 - INFO - Diretório base: E:\tcc
2025-11-09 22:13:47,293 - INFO - Log salvo em: E:\tcc\logs\execucao_20251109_221340.log
2025-11-09 22:13:47,293 - INFO - 
================================================================================
2025-11-09 22:13:47,293 - INFO - PREPARAÇÃO DO DATASET
2025-11-09 22:13:47,294 - INFO - ================================================================================
2025-11-09 22:13:47,294 - INFO - ================================================================================
2025-11-09 22:13:47,294 - INFO - INFORMAÇÕES DO DATASET
2025-11-09 22:13:47,294 - INFO - ================================================================================
2025-11-09 22:13:47,295 - INFO - Dataset encontrado e estruturado corretamente
2025-11-09 22:13:47,297 - INFO -    Treino: 898 imagens
2025-11-09 22:13:47,297 - INFO -    Validação: 224 imagens
2025-11-09 22:13:47,297 - INFO -    Teste: 280 imagens
2025-11-09 22:13:47,297 - INFO -    Classes: 271
2025-11-09 22:13:47,298 - INFO - Arquivo data.yaml já existe: E:\tcc\dataset_yolo\data.yaml
2025-11-09 22:13:47,415 - INFO - 
================================================================================
2025-11-09 22:13:47,415 - INFO - MODELO YOLO
2025-11-09 22:13:47,415 - INFO - ================================================================================
2025-11-09 22:13:47,416 - INFO - Modelo treinado encontrado!
2025-11-09 22:13:47,416 - INFO - Carregando de: E:\tcc\onibus_tcc_treino_letreiros\letreiros_seg\weights\best.pt
2025-11-09 22:13:47,416 - INFO - Pulando etapa de treinamento (economizando tempo!)
2025-11-09 22:13:47,459 - INFO - 
================================================================================
2025-11-09 22:13:47,459 - INFO - VALIDAÇÃO DO MODELO
2025-11-09 22:13:47,459 - INFO - ================================================================================
2025-11-09 22:14:11,599 - INFO - 
Resultados:
2025-11-09 22:14:11,600 - INFO -    mAP50-95: 0.8011
2025-11-09 22:14:11,600 - INFO -    mAP50: 0.9933
2025-11-09 22:14:11,601 - INFO -    mAP75: 0.9530
2025-11-09 22:14:11,601 - INFO -    Precisão: 0.9854
2025-11-09 22:14:11,601 - INFO -    Revocação: 0.9866
2025-11-09 22:14:11,601 - INFO - 
Engines OCR disponíveis: ['tesseract', 'easyocr', 'openocr']
2025-11-09 22:14:11,602 - INFO - 
================================================================================
2025-11-09 22:14:11,602 - INFO - OCR COM TESSERACT
2025-11-09 22:14:11,602 - INFO - ================================================================================
2025-11-09 22:14:11,604 - INFO - Processando 280 imagens de teste...
2025-11-09 22:15:10,342 - INFO - 
================================================================================
2025-11-09 22:15:10,343 - INFO - MÉTRICAS OCR (TESSERACT)
2025-11-09 22:15:10,343 - INFO - ================================================================================
2025-11-09 22:15:10,343 - INFO -    Total de letreiros analisados: 182
2025-11-09 22:15:10,343 - INFO -    Acertos exatos: 0 (0.00%)
2025-11-09 22:15:10,343 - INFO -    Acertos aproximados: 89
2025-11-09 22:15:10,343 - INFO -    Acurácia total: 48.90%
2025-11-09 22:15:10,343 - INFO -    Taxa de sucesso OCR: 63.19%
2025-11-09 22:15:10,343 - WARNING - 
106 letreiros tiveram OCR vazio!
2025-11-09 22:15:10,344 - WARNING -    Verifique amostras em: E:\tcc\dataset_yolo/temp_crops
2025-11-09 22:15:10,344 - INFO - 
Imagens salvas em:
2025-11-09 22:15:10,344 - INFO -    - Acertos: E:\tcc\resultados_ocr\acertos_ocr_tesseract
2025-11-09 22:15:10,344 - INFO -    - Erros OCR: E:\tcc\resultados_ocr\erros_ocr_tesseract
2025-11-09 22:15:10,344 - INFO -    - Erros Classificação: E:\tcc\resultados_ocr\erros_classificacao_tesseract
2025-11-09 22:15:10,344 - INFO - 
================================================================================
2025-11-09 22:15:10,344 - INFO - OCR COM EASYOCR
2025-11-09 22:15:10,345 - INFO - ================================================================================
2025-11-09 22:15:10,346 - INFO - Processando 280 imagens de teste...
2025-11-09 22:15:30,207 - INFO - 
================================================================================
2025-11-09 22:15:30,207 - INFO - MÉTRICAS OCR (EASYOCR)
2025-11-09 22:15:30,207 - INFO - ================================================================================
2025-11-09 22:15:30,207 - INFO -    Total de letreiros analisados: 208
2025-11-09 22:15:30,208 - INFO -    Acertos exatos: 0 (0.00%)
2025-11-09 22:15:30,208 - INFO -    Acertos aproximados: 127
2025-11-09 22:15:30,208 - INFO -    Acurácia total: 61.06%
2025-11-09 22:15:30,208 - INFO -    Taxa de sucesso OCR: 72.22%
2025-11-09 22:15:30,208 - WARNING - 
80 letreiros tiveram OCR vazio!
2025-11-09 22:15:30,208 - WARNING -    Verifique amostras em: E:\tcc\dataset_yolo/temp_crops
2025-11-09 22:15:30,209 - INFO - 
Imagens salvas em:
2025-11-09 22:15:30,209 - INFO -    - Acertos: E:\tcc\resultados_ocr\acertos_ocr_easyocr
2025-11-09 22:15:30,209 - INFO -    - Erros OCR: E:\tcc\resultados_ocr\erros_ocr_easyocr
2025-11-09 22:15:30,209 - INFO -    - Erros Classificação: E:\tcc\resultados_ocr\erros_classificacao_easyocr
2025-11-09 22:15:30,209 - INFO - 
================================================================================
2025-11-09 22:15:30,210 - INFO - OCR COM OPENOCR
2025-11-09 22:15:30,210 - INFO - ================================================================================
2025-11-09 22:15:30,211 - INFO - Processando 280 imagens de teste...
2025-11-09 22:15:51,751 - INFO - 
================================================================================
2025-11-09 22:15:51,751 - INFO - MÉTRICAS OCR (OPENOCR)
2025-11-09 22:15:51,752 - INFO - ================================================================================
2025-11-09 22:15:51,752 - INFO -    Total de letreiros analisados: 285
2025-11-09 22:15:51,752 - INFO -    Acertos exatos: 0 (0.00%)
2025-11-09 22:15:51,752 - INFO -    Acertos aproximados: 240
2025-11-09 22:15:51,752 - INFO -    Acurácia total: 84.21%
2025-11-09 22:15:51,752 - INFO -    Taxa de sucesso OCR: 98.96%
2025-11-09 22:15:51,753 - WARNING - 
3 letreiros tiveram OCR vazio!
2025-11-09 22:15:51,753 - WARNING -    Verifique amostras em: E:\tcc\dataset_yolo/temp_crops
2025-11-09 22:15:51,753 - INFO - 
Imagens salvas em:
2025-11-09 22:15:51,753 - INFO -    - Acertos: E:\tcc\resultados_ocr\acertos_ocr_openocr
2025-11-09 22:15:51,753 - INFO -    - Erros OCR: E:\tcc\resultados_ocr\erros_ocr_openocr
2025-11-09 22:15:51,753 - INFO -    - Erros Classificação: E:\tcc\resultados_ocr\erros_classificacao_openocr
2025-11-09 22:15:51,754 - INFO - 
================================================================================
2025-11-09 22:15:51,754 - INFO - COMPARAÇÃO DE ENGINES OCR
2025-11-09 22:15:51,754 - INFO - ================================================================================
2025-11-09 22:15:51,754 - INFO - 
┌────────────────────────────┬────────────┬────────────┬────────────┐
2025-11-09 22:15:51,754 - INFO - │ Métrica                    │ Tesseract  │ EasyOCR    │ OpenOCR    │
2025-11-09 22:15:51,755 - INFO - ├────────────────────────────┼────────────┼────────────┼────────────┤
2025-11-09 22:15:51,755 - INFO - │ Total analisados           │        182 │        208 │        285 │
2025-11-09 22:15:51,755 - INFO - │ Acertos exatos             │          0 │          0 │          0 │
2025-11-09 22:15:51,755 - INFO - │ Acurácia exata (%)         │      0.00% │      0.00% │      0.00% │
2025-11-09 22:15:51,755 - INFO - │ Acurácia total (%)         │     48.90% │     61.06% │     84.21% │
2025-11-09 22:15:51,756 - INFO - └────────────────────────────┴────────────┴────────────┴────────────┘
2025-11-09 22:15:51,756 - INFO - 
🏆 Melhor desempenho: OPENOCR (84.21%)
2025-11-09 22:15:51,756 - INFO - 
================================================================================
2025-11-09 22:15:51,756 - INFO - PROCESSAMENTO COMPLETO!
2025-11-09 22:15:51,756 - INFO - ================================================================================
2025-11-09 22:15:51,756 - INFO - Resultados salvos em: E:\tcc
2025-11-09 22:15:51,757 - INFO - Log completo: E:\tcc\logs\execucao_20251109_221340.log
