2025-11-09 21:42:23,306 - INFO - Tesseract encontrado em: C:\Program Files\Tesseract-OCR\tesseract.exe
2025-11-09 21:42:33,098 - INFO - Inicializando EasyOCR (idiomas: ['pt', 'en'], GPU: True)...
2025-11-09 21:42:35,636 - INFO - EasyOCR inicializado com sucesso!
2025-11-09 21:42:36,213 - INFO - OpenOCR inicializado com sucesso!
2025-11-09 21:42:36,214 - INFO -    Device: gpu
2025-11-09 21:42:36,214 - INFO -    Config: svtrv2_ch.yml
2025-11-09 21:42:36,214 - INFO - ================================================================================
2025-11-09 21:42:36,214 - INFO - Sistema de Detecção e Reconhecimento de Letreiros de Ônibus
2025-11-09 21:42:36,215 - INFO - ================================================================================
2025-11-09 21:42:36,218 - INFO - Diretório base: E:\tcc
2025-11-09 21:42:36,218 - INFO - Log salvo em: E:\tcc\logs\execucao_20251109_214223.log
2025-11-09 21:42:36,218 - INFO - 
================================================================================
2025-11-09 21:42:36,218 - INFO - PREPARAÇÃO DO DATASET
2025-11-09 21:42:36,218 - INFO - ================================================================================
2025-11-09 21:42:36,219 - INFO - ================================================================================
2025-11-09 21:42:36,219 - INFO - INFORMAÇÕES DO DATASET
2025-11-09 21:42:36,219 - INFO - ================================================================================
2025-11-09 21:42:36,220 - INFO - Dataset encontrado e estruturado corretamente
2025-11-09 21:42:36,222 - INFO -    Treino: 898 imagens
2025-11-09 21:42:36,222 - INFO -    Validação: 224 imagens
2025-11-09 21:42:36,222 - INFO -    Teste: 280 imagens
2025-11-09 21:42:36,222 - INFO -    Classes: 271
2025-11-09 21:42:36,222 - INFO - Arquivo data.yaml já existe: E:\tcc\dataset_yolo\data.yaml
2025-11-09 21:42:36,391 - INFO - 
================================================================================
2025-11-09 21:42:36,391 - INFO - MODELO YOLO
2025-11-09 21:42:36,391 - INFO - ================================================================================
2025-11-09 21:42:36,391 - INFO - Modelo treinado encontrado!
2025-11-09 21:42:36,392 - INFO - Carregando de: E:\tcc\onibus_tcc_treino_letreiros\letreiros_seg\weights\best.pt
2025-11-09 21:42:36,392 - INFO - Pulando etapa de treinamento (economizando tempo!)
2025-11-09 21:42:36,505 - INFO - 
================================================================================
2025-11-09 21:42:36,505 - INFO - VALIDAÇÃO DO MODELO
2025-11-09 21:42:36,506 - INFO - ================================================================================
2025-11-09 21:43:04,618 - INFO - 
Resultados:
2025-11-09 21:43:04,618 - INFO -    mAP50-95: 0.8011
2025-11-09 21:43:04,618 - INFO -    mAP50: 0.9933
2025-11-09 21:43:04,618 - INFO -    mAP75: 0.9530
2025-11-09 21:43:04,619 - INFO -    Precisão: 0.9854
2025-11-09 21:43:04,619 - INFO -    Revocação: 0.9866
2025-11-09 21:43:04,619 - INFO - 
Engines OCR disponíveis: ['tesseract', 'easyocr', 'openocr']
2025-11-09 21:43:04,619 - INFO - 
================================================================================
2025-11-09 21:43:04,619 - INFO - OCR COM TESSERACT
2025-11-09 21:43:04,619 - INFO - ================================================================================
2025-11-09 21:43:04,621 - INFO - Processando 280 imagens de teste...
2025-11-09 21:44:07,455 - INFO - 
================================================================================
2025-11-09 21:44:07,455 - INFO - MÉTRICAS OCR (TESSERACT)
2025-11-09 21:44:07,455 - INFO - ================================================================================
2025-11-09 21:44:07,455 - INFO -    Total de letreiros analisados: 182
2025-11-09 21:44:07,455 - INFO -    Acertos exatos: 0 (0.00%)
2025-11-09 21:44:07,456 - INFO -    Acertos aproximados: 89
2025-11-09 21:44:07,456 - INFO -    Acurácia total: 48.90%
2025-11-09 21:44:07,457 - INFO -    Taxa de sucesso OCR: 63.19%
2025-11-09 21:44:07,458 - WARNING - 
106 letreiros tiveram OCR vazio!
2025-11-09 21:44:07,458 - WARNING -    Verifique amostras em: E:\tcc\dataset_yolo/temp_crops
2025-11-09 21:44:07,458 - INFO - 
Imagens salvas em:
2025-11-09 21:44:07,458 - INFO -    - E:\tcc\resultados_ocr\erros_ocr_tesseract
2025-11-09 21:44:07,458 - INFO -    - E:\tcc\resultados_ocr\erros_classificacao_tesseract
2025-11-09 21:44:07,458 - INFO - 
================================================================================
2025-11-09 21:44:07,459 - INFO - OCR COM EASYOCR
2025-11-09 21:44:07,459 - INFO - ================================================================================
2025-11-09 21:44:07,460 - INFO - Processando 280 imagens de teste...
2025-11-09 21:44:28,484 - INFO - 
================================================================================
2025-11-09 21:44:28,484 - INFO - MÉTRICAS OCR (EASYOCR)
2025-11-09 21:44:28,484 - INFO - ================================================================================
2025-11-09 21:44:28,485 - INFO -    Total de letreiros analisados: 208
2025-11-09 21:44:28,485 - INFO -    Acertos exatos: 0 (0.00%)
2025-11-09 21:44:28,485 - INFO -    Acertos aproximados: 127
2025-11-09 21:44:28,485 - INFO -    Acurácia total: 61.06%
2025-11-09 21:44:28,485 - INFO -    Taxa de sucesso OCR: 72.22%
2025-11-09 21:44:28,485 - WARNING - 
80 letreiros tiveram OCR vazio!
2025-11-09 21:44:28,486 - WARNING -    Verifique amostras em: E:\tcc\dataset_yolo/temp_crops
2025-11-09 21:44:28,486 - INFO - 
Imagens salvas em:
2025-11-09 21:44:28,486 - INFO -    - E:\tcc\resultados_ocr\erros_ocr_easyocr
2025-11-09 21:44:28,486 - INFO -    - E:\tcc\resultados_ocr\erros_classificacao_easyocr
2025-11-09 21:44:28,486 - INFO - 
================================================================================
2025-11-09 21:44:28,486 - INFO - OCR COM OPENOCR
2025-11-09 21:44:28,487 - INFO - ================================================================================
2025-11-09 21:44:28,488 - INFO - Processando 280 imagens de teste...
2025-11-09 21:44:50,430 - INFO - 
================================================================================
2025-11-09 21:44:50,430 - INFO - MÉTRICAS OCR (OPENOCR)
2025-11-09 21:44:50,430 - INFO - ================================================================================
2025-11-09 21:44:50,431 - INFO -    Total de letreiros analisados: 285
2025-11-09 21:44:50,431 - INFO -    Acertos exatos: 0 (0.00%)
2025-11-09 21:44:50,431 - INFO -    Acertos aproximados: 240
2025-11-09 21:44:50,431 - INFO -    Acurácia total: 84.21%
2025-11-09 21:44:50,431 - INFO -    Taxa de sucesso OCR: 98.96%
2025-11-09 21:44:50,431 - WARNING - 
3 letreiros tiveram OCR vazio!
2025-11-09 21:44:50,431 - WARNING -    Verifique amostras em: E:\tcc\dataset_yolo/temp_crops
2025-11-09 21:44:50,432 - INFO - 
Imagens salvas em:
2025-11-09 21:44:50,432 - INFO -    - E:\tcc\resultados_ocr\erros_ocr_openocr
2025-11-09 21:44:50,432 - INFO -    - E:\tcc\resultados_ocr\erros_classificacao_openocr
2025-11-09 21:44:50,432 - INFO - 
================================================================================
2025-11-09 21:44:50,432 - INFO - COMPARAÇÃO DE ENGINES OCR
2025-11-09 21:44:50,432 - INFO - ================================================================================
2025-11-09 21:44:50,433 - INFO - 
┌────────────────────────────┬────────────┬────────────┬────────────┐
2025-11-09 21:44:50,433 - INFO - │ Métrica                    │ Tesseract  │ EasyOCR    │ OpenOCR    │
2025-11-09 21:44:50,433 - INFO - ├────────────────────────────┼────────────┼────────────┼────────────┤
2025-11-09 21:44:50,433 - INFO - │ Total analisados           │        182 │        208 │        285 │
2025-11-09 21:44:50,433 - INFO - │ Acertos exatos             │          0 │          0 │          0 │
2025-11-09 21:44:50,433 - INFO - │ Acurácia exata (%)         │      0.00% │      0.00% │      0.00% │
2025-11-09 21:44:50,433 - INFO - │ Acurácia total (%)         │     48.90% │     61.06% │     84.21% │
2025-11-09 21:44:50,434 - INFO - └────────────────────────────┴────────────┴────────────┴────────────┘
2025-11-09 21:44:50,434 - INFO - 
🏆 Melhor desempenho: OPENOCR (84.21%)
2025-11-09 21:44:50,434 - INFO - 
================================================================================
2025-11-09 21:44:50,434 - INFO - PROCESSAMENTO COMPLETO!
2025-11-09 21:44:50,434 - INFO - ================================================================================
2025-11-09 21:44:50,434 - INFO - Resultados salvos em: E:\tcc
2025-11-09 21:44:50,434 - INFO - Log completo: E:\tcc\logs\execucao_20251109_214223.log
